DEB [20160328-20:10:08.383] thr=1   paramiko.transport: starting thread (client mode): 0xc114de10
DEB [20160328-20:10:08.383] thr=1   paramiko.transport: Local version/idstring: SSH-2.0-paramiko_1.16.0
DEB [20160328-20:10:08.396] thr=1   paramiko.transport: Remote version/idstring: SSH-2.0-OpenSSH_6.9p1 Ubuntu-2ubuntu0.1
INF [20160328-20:10:08.396] thr=1   paramiko.transport: Connected (version 2.0, client OpenSSH_6.9p1)
DEB [20160328-20:10:08.402] thr=1   paramiko.transport: kex algos:['curve25519-sha256@libssh.org', 'ecdh-sha2-nistp256', 'ecdh-sha2-nistp384', 'ecdh-sha2-nistp521', 'diffie-hellman-group-exchange-sha256', 'diffie-hellman-group14-sha1'] server key:['ssh-rsa', 'ssh-dss', 'ecdsa-sha2-nistp256', 'ssh-ed25519'] client encrypt:['chacha20-poly1305@openssh.com', 'aes128-ctr', 'aes192-ctr', 'aes256-ctr', 'aes128-gcm@openssh.com', 'aes256-gcm@openssh.com'] server encrypt:['chacha20-poly1305@openssh.com', 'aes128-ctr', 'aes192-ctr', 'aes256-ctr', 'aes128-gcm@openssh.com', 'aes256-gcm@openssh.com'] client mac:['umac-64-etm@openssh.com', 'umac-128-etm@openssh.com', 'hmac-sha2-256-etm@openssh.com', 'hmac-sha2-512-etm@openssh.com', 'hmac-sha1-etm@openssh.com', 'umac-64@openssh.com', 'umac-128@openssh.com', 'hmac-sha2-256', 'hmac-sha2-512', 'hmac-sha1'] server mac:['umac-64-etm@openssh.com', 'umac-128-etm@openssh.com', 'hmac-sha2-256-etm@openssh.com', 'hmac-sha2-512-etm@openssh.com', 'hmac-sha1-etm@openssh.com', 'umac-64@openssh.com', 'umac-128@openssh.com', 'hmac-sha2-256', 'hmac-sha2-512', 'hmac-sha1'] client compress:['none', 'zlib@openssh.com'] server compress:['none', 'zlib@openssh.com'] client lang:[''] server lang:[''] kex follows?False
DEB [20160328-20:10:08.403] thr=1   paramiko.transport: Kex agreed: diffie-hellman-group14-sha1
DEB [20160328-20:10:08.403] thr=1   paramiko.transport: Cipher agreed: aes128-ctr
DEB [20160328-20:10:08.403] thr=1   paramiko.transport: MAC agreed: hmac-sha2-256
DEB [20160328-20:10:08.403] thr=1   paramiko.transport: Compression agreed: none
DEB [20160328-20:10:08.459] thr=1   paramiko.transport: kex engine KexGroup14 specified hash_algo <built-in function openssl_sha1>
DEB [20160328-20:10:08.460] thr=1   paramiko.transport: Switch to new keys ...
DEB [20160328-20:10:08.497] thr=1   paramiko.transport: userauth is OK
INF [20160328-20:10:08.504] thr=1   paramiko.transport: Authentication (password) successful!
DEB [20160328-20:10:08.526] thr=2   paramiko.transport: [chan 0] Max packet in: 32768 bytes
DEB [20160328-20:10:08.655] thr=1   paramiko.transport: Received global request "hostkeys-00@openssh.com"
DEB [20160328-20:10:08.655] thr=1   paramiko.transport: Rejecting "hostkeys-00@openssh.com" global request from server.
DEB [20160328-20:10:08.693] thr=1   paramiko.transport: [chan 0] Max packet out: 32768 bytes
DEB [20160328-20:10:08.693] thr=1   paramiko.transport: Secsh channel 0 opened.
DEB [20160328-20:10:08.696] thr=1   paramiko.transport: [chan 0] Sesch channel 0 request ok
DEB [20160328-20:10:08.699] thr=1   paramiko.transport: [chan 0] Sesch channel 0 request ok
DEB [20160328-20:14:56.092] thr=1   paramiko.transport: [chan 0] EOF received (0)
DEB [20160328-20:14:56.093] thr=1   paramiko.transport: [chan 0] EOF sent (0)
DEB [20160328-20:14:56.195] thr=1   paramiko.transport: EOF in transport thread
